Flow report for tb
Wed Oct 23 15:06:11 2024
Quartus Prime Version 23.1std.1 Build 993 05/14/2024 SC Lite Edition


---------------------
; Table of Contents ;
---------------------
  1. Legal Notice
  2. Flow Summary
  3. Flow Settings
  4. Flow Non-Default Global Settings
  5. Flow Elapsed Time
  6. Flow OS Summary
  7. Flow Log
  8. Flow Messages
  9. Flow Suppressed Messages



----------------
; Legal Notice ;
----------------
Copyright (C) 2024  Intel Corporation. All rights reserved.
Your use of Intel Corporation's design tools, logic functions 
and other software and tools, and any partner logic 
functions, and any output files from any of the foregoing 
(including device programming or simulation files), and any 
associated documentation or information are expressly subject 
to the terms and conditions of the Intel Program License 
Subscription Agreement, the Intel Quartus Prime License Agreement,
the Intel FPGA IP License Agreement, or other applicable license
agreement, including, without limitation, that your use is for
the sole purpose of programming logic devices manufactured by
Intel and sold by Intel or its authorized distributors.  Please
refer to the applicable agreement for further details, at
https://fpgasoftware.intel.com/eula.



+-------------------------------------------------------------------------------------+
; Flow Summary                                                                        ;
+------------------------------------+------------------------------------------------+
; Flow Status                        ; Successful - Wed Oct 23 15:06:09 2024          ;
; Quartus Prime Version              ; 23.1std.1 Build 993 05/14/2024 SC Lite Edition ;
; Revision Name                      ; tb                                             ;
; Top-level Entity Name              ; tb                                             ;
; Family                             ; MAX 10                                         ;
; Device                             ; 10M50DAF484C6GES                               ;
; Timing Models                      ; Preliminary                                    ;
; Total logic elements               ; 2 / 49,760 ( < 1 % )                           ;
;     Total combinational functions  ; 2 / 49,760 ( < 1 % )                           ;
;     Dedicated logic registers      ; 0 / 49,760 ( 0 % )                             ;
; Total registers                    ; 0                                              ;
; Total pins                         ; 13 / 360 ( 4 % )                               ;
; Total virtual pins                 ; 0                                              ;
; Total memory bits                  ; 0 / 1,677,312 ( 0 % )                          ;
; Embedded Multiplier 9-bit elements ; 0 / 288 ( 0 % )                                ;
; Total PLLs                         ; 0 / 4 ( 0 % )                                  ;
; UFM blocks                         ; 0 / 1 ( 0 % )                                  ;
; ADC blocks                         ; 0 / 2 ( 0 % )                                  ;
+------------------------------------+------------------------------------------------+


+-----------------------------------------+
; Flow Settings                           ;
+-------------------+---------------------+
; Option            ; Setting             ;
+-------------------+---------------------+
; Start date & time ; 10/23/2024 15:05:56 ;
; Main task         ; Compilation         ;
; Revision Name     ; tb                  ;
+-------------------+---------------------+


+-------------------------------------------------------------------------------------------------------------------------+
; Flow Non-Default Global Settings                                                                                        ;
+-------------------------------------+----------------------------------------+---------------+-------------+------------+
; Assignment Name                     ; Value                                  ; Default Value ; Entity Name ; Section Id ;
+-------------------------------------+----------------------------------------+---------------+-------------+------------+
; COMPILER_SIGNATURE_ID               ; 185350565141763.172971035630115        ; --            ; --          ; --         ;
; MAX_CORE_JUNCTION_TEMP              ; 85                                     ; --            ; --          ; --         ;
; MIN_CORE_JUNCTION_TEMP              ; 0                                      ; --            ; --          ; --         ;
; PARTITION_COLOR                     ; -- (Not supported for targeted family) ; --            ; --          ; Top        ;
; PARTITION_FITTER_PRESERVATION_LEVEL ; -- (Not supported for targeted family) ; --            ; --          ; Top        ;
; PARTITION_NETLIST_TYPE              ; -- (Not supported for targeted family) ; --            ; --          ; Top        ;
+-------------------------------------+----------------------------------------+---------------+-------------+------------+


+--------------------------------------------------------------------------------------------------------------------------+
; Flow Elapsed Time                                                                                                        ;
+----------------------+--------------+-------------------------+---------------------+------------------------------------+
; Module Name          ; Elapsed Time ; Average Processors Used ; Peak Virtual Memory ; Total CPU Time (on all processors) ;
+----------------------+--------------+-------------------------+---------------------+------------------------------------+
; Analysis & Synthesis ; 00:00:06     ; 1.0                     ; 436 MB              ; 00:00:14                           ;
; Fitter               ; 00:00:03     ; 1.0                     ; 1686 MB             ; 00:00:06                           ;
; Assembler            ; 00:00:02     ; 1.0                     ; 364 MB              ; 00:00:02                           ;
; Timing Analyzer      ; 00:00:01     ; 1.1                     ; 594 MB              ; 00:00:01                           ;
; Total                ; 00:00:12     ; --                      ; --                  ; 00:00:23                           ;
+----------------------+--------------+-------------------------+---------------------+------------------------------------+


+------------------------------------------------------------------------------------+
; Flow OS Summary                                                                    ;
+----------------------+------------------+------------+------------+----------------+
; Module Name          ; Machine Hostname ; OS Name    ; OS Version ; Processor type ;
+----------------------+------------------+------------+------------+----------------+
; Analysis & Synthesis ; MichaelArch      ; Arch Linux ; Arch Linux ; x86_64         ;
; Fitter               ; MichaelArch      ; Arch Linux ; Arch Linux ; x86_64         ;
; Assembler            ; MichaelArch      ; Arch Linux ; Arch Linux ; x86_64         ;
; Timing Analyzer      ; MichaelArch      ; Arch Linux ; Arch Linux ; x86_64         ;
+----------------------+------------------+------------+------------+----------------+


------------
; Flow Log ;
------------
quartus_map --read_settings_files=on --write_settings_files=off tb -c tb
quartus_fit --read_settings_files=off --write_settings_files=off tb -c tb
quartus_asm --read_settings_files=off --write_settings_files=off tb -c tb
quartus_sta tb -c tb



